<?xml version="1.0" encoding="UTF-8"?>
<!-- Generated by org.testng.reporters.JUnitXMLReporter -->
<testsuite ignored="0" hostname="Karthi" failures="0" tests="3" name="Default test" time="43.608" errors="0" timestamp="2025-10-09T00:27:43 IST">
  <testcase classname="testCases.Module1_Login" name="verifyLoginWithValidData" time="9.085"/>
  <testcase classname="testCases.Module1_Login" name="verifyLoginWithInvalidData" time="14.182"/>
  <testcase classname="testCases.Module1_Login" name="verifyLoginWithNoData" time="17.363"/>
</testsuite> <!-- Default test -->
