<?xml version="1.0" encoding="UTF-8"?>
<!-- Generated by org.testng.reporters.JUnitXMLReporter -->
<testsuite ignored="0" hostname="Karthi" failures="0" tests="3" name="Test" time="91.539" errors="0" timestamp="2025-10-12T23:05:07 IST">
  <testcase classname="testCases.Module1_Login" name="VerifyLoginWithValidData" time="44.957"/>
  <testcase classname="testCases.Module1_Login" name="VerifyLoginWithInvalidData" time="19.419"/>
  <testcase classname="testCases.Module1_Login" name="VerifyLoginWithNoData" time="23.458"/>
</testsuite> <!-- Test -->
