<?xml version="1.0" encoding="UTF-8"?>
<!-- Generated by org.testng.reporters.JUnitXMLReporter -->
<testsuite ignored="0" hostname="Karthi" failures="0" tests="3" name="Test" time="45.832" errors="0" timestamp="2025-10-12T03:42:25 IST">
  <testcase classname="testCases.Module1_Login" name="VerifyLoginWithValidData" time="16.745"/>
  <testcase classname="testCases.Module1_Login" name="VerifyLoginWithInvalidData" time="13.737"/>
  <testcase classname="testCases.Module1_Login" name="VerifyLoginWithNoData" time="11.974"/>
</testsuite> <!-- Test -->
