<?xml version="1.0" encoding="UTF-8"?>
<!-- Generated by org.testng.reporters.JUnitXMLReporter -->
<testsuite ignored="0" hostname="Karthi" failures="0" tests="3" name="Test" time="27.456" errors="0" timestamp="2025-10-12T01:23:47 IST">
  <testcase classname="testCases.Module1_Login" name="verifyLoginWithValidData" time="14.236"/>
  <testcase classname="testCases.Module1_Login" name="verifyLoginWithInvalidData" time="7.46"/>
  <testcase classname="testCases.Module1_Login" name="verifyLoginWithNoData" time="5.183"/>
</testsuite> <!-- Test -->
