<?xml version="1.0" encoding="UTF-8"?>
<!-- Generated by org.testng.reporters.JUnitXMLReporter -->
<testsuite ignored="0" hostname="Karthi" failures="0" tests="3" name="Test" time="26.854" errors="0" timestamp="2025-10-12T00:42:21 IST">
  <testcase classname="testCases.Module1_Login" name="verifyLoginWithValidData" time="12.121"/>
  <testcase classname="testCases.Module1_Login" name="verifyLoginWithInvalidData" time="7.911"/>
  <testcase classname="testCases.Module1_Login" name="verifyLoginWithNoData" time="6.241"/>
</testsuite> <!-- Test -->
