<?xml version="1.0" encoding="UTF-8"?>
<testng-results ignored="0" total="3" passed="3" failed="0" skipped="0">
  <reporter-output>
    <line>
      <![CDATA[Launched Chrome browser]]>
    </line>
    <line>
      <![CDATA[Browser Maximized]]>
    </line>
    <line>
      <![CDATA[Navigated to https://opensource-demo.orangehrmlive.com/web/index.php/auth/login]]>
    </line>
    <line>
      <![CDATA[Implicit wait set to: 10 seconds]]>
    </line>
    <line>
      <![CDATA[Element display is verified]]>
    </line>
    <line>
      <![CDATA[Entered Admin]]>
    </line>
    <line>
      <![CDATA[Entered admin123]]>
    </line>
    <line>
      <![CDATA[Clicked on]]>
    </line>
    <line>
      <![CDATA[Element display is verified]]>
    </line>
    <line>
      <![CDATA[Closed browser]]>
    </line>
    <line>
      <![CDATA[Launched Chrome browser]]>
    </line>
    <line>
      <![CDATA[Browser Maximized]]>
    </line>
    <line>
      <![CDATA[Navigated to https://opensource-demo.orangehrmlive.com/web/index.php/auth/login]]>
    </line>
    <line>
      <![CDATA[Implicit wait set to: 10 seconds]]>
    </line>
    <line>
      <![CDATA[Element display is verified]]>
    </line>
    <line>
      <![CDATA[Entered Admin]]>
    </line>
    <line>
      <![CDATA[Entered Admin]]>
    </line>
    <line>
      <![CDATA[Clicked on]]>
    </line>
    <line>
      <![CDATA[Element display is verified]]>
    </line>
    <line>
      <![CDATA[Closed browser]]>
    </line>
    <line>
      <![CDATA[Launched Chrome browser]]>
    </line>
    <line>
      <![CDATA[Browser Maximized]]>
    </line>
    <line>
      <![CDATA[Navigated to https://opensource-demo.orangehrmlive.com/web/index.php/auth/login]]>
    </line>
    <line>
      <![CDATA[Implicit wait set to: 10 seconds]]>
    </line>
    <line>
      <![CDATA[Element display is verified]]>
    </line>
    <line>
      <![CDATA[Clicked on]]>
    </line>
    <line>
      <![CDATA[Element display is verified]]>
    </line>
    <line>
      <![CDATA[Element display is verified]]>
    </line>
    <line>
      <![CDATA[Closed browser]]>
    </line>
  </reporter-output>
  <suite started-at="2025-10-12T03:30:54 IST" name="Suite" finished-at="2025-10-12T03:31:44 IST" duration-ms="49807">
    <groups>
    </groups>
    <test started-at="2025-10-12T03:30:54 IST" name="Test" finished-at="2025-10-12T03:31:44 IST" duration-ms="49807">
      <class name="testCases.Module1_Login">
        <test-method is-config="true" signature="setUpReport()[pri:0, instance:testCases.Module1_Login@52bf72b5]" started-at="2025-10-12T03:30:54 IST" name="setUpReport" finished-at="2025-10-12T03:30:54 IST" duration-ms="153" status="PASS">
          <reporter-output>
          </reporter-output>
        </test-method> <!-- setUpReport -->
        <test-method signature="VerifyLoginWithValidData()[pri:0, instance:testCases.Module1_Login@52bf72b5]" started-at="2025-10-12T03:30:54 IST" name="VerifyLoginWithValidData" finished-at="2025-10-12T03:31:14 IST" duration-ms="20729" status="PASS">
          <reporter-output>
            <line>
              <![CDATA[Launched Chrome browser]]>
            </line>
            <line>
              <![CDATA[Browser Maximized]]>
            </line>
            <line>
              <![CDATA[Navigated to https://opensource-demo.orangehrmlive.com/web/index.php/auth/login]]>
            </line>
            <line>
              <![CDATA[Implicit wait set to: 10 seconds]]>
            </line>
            <line>
              <![CDATA[Element display is verified]]>
            </line>
            <line>
              <![CDATA[Entered Admin]]>
            </line>
            <line>
              <![CDATA[Entered admin123]]>
            </line>
            <line>
              <![CDATA[Clicked on]]>
            </line>
            <line>
              <![CDATA[Element display is verified]]>
            </line>
          </reporter-output>
        </test-method> <!-- VerifyLoginWithValidData -->
        <test-method is-config="true" signature="testOver(org.testng.ITestResult)[pri:0, instance:testCases.Module1_Login@52bf72b5]" started-at="2025-10-12T03:31:14 IST" name="testOver" finished-at="2025-10-12T03:31:16 IST" duration-ms="1110" status="PASS">
          <params>
            <param index="0">
              <value>
                <![CDATA[[TestResult name=VerifyLoginWithValidData status=SUCCESS method=Module1_Login.VerifyLoginWithValidData()[pri:0, instance:testCases.Module1_Login@52bf72b5] output=Launched Chrome browser]]]>
              </value>
            </param>
          </params>
          <reporter-output>
            <line>
              <![CDATA[Closed browser]]>
            </line>
          </reporter-output>
        </test-method> <!-- testOver -->
        <test-method signature="VerifyLoginWithInvalidData()[pri:1, instance:testCases.Module1_Login@52bf72b5]" started-at="2025-10-12T03:31:16 IST" name="VerifyLoginWithInvalidData" finished-at="2025-10-12T03:31:30 IST" duration-ms="13909" status="PASS">
          <reporter-output>
            <line>
              <![CDATA[Launched Chrome browser]]>
            </line>
            <line>
              <![CDATA[Browser Maximized]]>
            </line>
            <line>
              <![CDATA[Navigated to https://opensource-demo.orangehrmlive.com/web/index.php/auth/login]]>
            </line>
            <line>
              <![CDATA[Implicit wait set to: 10 seconds]]>
            </line>
            <line>
              <![CDATA[Element display is verified]]>
            </line>
            <line>
              <![CDATA[Entered Admin]]>
            </line>
            <line>
              <![CDATA[Entered Admin]]>
            </line>
            <line>
              <![CDATA[Clicked on]]>
            </line>
            <line>
              <![CDATA[Element display is verified]]>
            </line>
          </reporter-output>
        </test-method> <!-- VerifyLoginWithInvalidData -->
        <test-method is-config="true" signature="testOver(org.testng.ITestResult)[pri:0, instance:testCases.Module1_Login@52bf72b5]" started-at="2025-10-12T03:31:30 IST" name="testOver" finished-at="2025-10-12T03:31:31 IST" duration-ms="1087" status="PASS">
          <params>
            <param index="0">
              <value>
                <![CDATA[[TestResult name=VerifyLoginWithInvalidData status=SUCCESS method=Module1_Login.VerifyLoginWithInvalidData()[pri:1, instance:testCases.Module1_Login@52bf72b5] output=Launched Chrome browser]]]>
              </value>
            </param>
          </params>
          <reporter-output>
            <line>
              <![CDATA[Closed browser]]>
            </line>
          </reporter-output>
        </test-method> <!-- testOver -->
        <test-method signature="VerifyLoginWithNoData()[pri:2, instance:testCases.Module1_Login@52bf72b5]" started-at="2025-10-12T03:31:31 IST" name="VerifyLoginWithNoData" finished-at="2025-10-12T03:31:42 IST" duration-ms="11845" status="PASS">
          <reporter-output>
            <line>
              <![CDATA[Launched Chrome browser]]>
            </line>
            <line>
              <![CDATA[Browser Maximized]]>
            </line>
            <line>
              <![CDATA[Navigated to https://opensource-demo.orangehrmlive.com/web/index.php/auth/login]]>
            </line>
            <line>
              <![CDATA[Implicit wait set to: 10 seconds]]>
            </line>
            <line>
              <![CDATA[Element display is verified]]>
            </line>
            <line>
              <![CDATA[Clicked on]]>
            </line>
            <line>
              <![CDATA[Element display is verified]]>
            </line>
            <line>
              <![CDATA[Element display is verified]]>
            </line>
          </reporter-output>
        </test-method> <!-- VerifyLoginWithNoData -->
        <test-method is-config="true" signature="testOver(org.testng.ITestResult)[pri:0, instance:testCases.Module1_Login@52bf72b5]" started-at="2025-10-12T03:31:42 IST" name="testOver" finished-at="2025-10-12T03:31:44 IST" duration-ms="1096" status="PASS">
          <params>
            <param index="0">
              <value>
                <![CDATA[[TestResult name=VerifyLoginWithNoData status=SUCCESS method=Module1_Login.VerifyLoginWithNoData()[pri:2, instance:testCases.Module1_Login@52bf72b5] output=Launched Chrome browser]]]>
              </value>
            </param>
          </params>
          <reporter-output>
            <line>
              <![CDATA[Closed browser]]>
            </line>
          </reporter-output>
        </test-method> <!-- testOver -->
        <test-method is-config="true" signature="updateReport()[pri:0, instance:testCases.Module1_Login@52bf72b5]" started-at="2025-10-12T03:31:44 IST" name="updateReport" finished-at="2025-10-12T03:31:44 IST" duration-ms="198" status="PASS">
          <reporter-output>
          </reporter-output>
        </test-method> <!-- updateReport -->
      </class> <!-- testCases.Module1_Login -->
    </test> <!-- Test -->
  </suite> <!-- Suite -->
</testng-results>
